I, [2014-08-12T11:59:29.112779 #30089]  INFO -- : Started GET "/static_pages/home" for 10.0.2.2 at 2014-08-12 11:59:29 +0000
I, [2014-08-12T11:59:29.157716 #30089]  INFO -- : Processing by StaticPagesController#home as HTML
I, [2014-08-12T11:59:29.258685 #30089]  INFO -- :   Rendered static_pages/home.html.erb within layouts/application (1.2ms)
I, [2014-08-12T11:59:29.268145 #30089]  INFO -- : Completed 200 OK in 110ms (Views: 108.4ms | ActiveRecord: 0.0ms)
I, [2014-08-12T11:59:31.952004 #30089]  INFO -- : Started GET "/static_pages/home" for 10.0.2.2 at 2014-08-12 11:59:31 +0000
I, [2014-08-12T11:59:31.953813 #30089]  INFO -- : Processing by StaticPagesController#home as HTML
I, [2014-08-12T11:59:31.955007 #30089]  INFO -- :   Rendered static_pages/home.html.erb within layouts/application (0.1ms)
I, [2014-08-12T11:59:31.956511 #30089]  INFO -- : Completed 200 OK in 2ms (Views: 1.9ms | ActiveRecord: 0.0ms)
I, [2014-08-13T05:58:52.671157 #2341]  INFO -- : Started GET "/" for 10.0.2.2 at 2014-08-13 05:58:52 +0000
I, [2014-08-13T05:58:52.743360 #2348]  INFO -- : Started GET "/" for 10.0.2.2 at 2014-08-13 05:58:52 +0000
F, [2014-08-13T05:58:52.769544 #2341] FATAL -- : 
ActionController::RoutingError (No route matches [GET] "/"):
  actionpack (4.1.4) lib/action_dispatch/middleware/debug_exceptions.rb:21:in `call'
  actionpack (4.1.4) lib/action_dispatch/middleware/show_exceptions.rb:30:in `call'
  railties (4.1.4) lib/rails/rack/logger.rb:38:in `call_app'
  railties (4.1.4) lib/rails/rack/logger.rb:20:in `block in call'
  activesupport (4.1.4) lib/active_support/tagged_logging.rb:68:in `block in tagged'
  activesupport (4.1.4) lib/active_support/tagged_logging.rb:26:in `tagged'
  activesupport (4.1.4) lib/active_support/tagged_logging.rb:68:in `tagged'
  railties (4.1.4) lib/rails/rack/logger.rb:20:in `call'
  actionpack (4.1.4) lib/action_dispatch/middleware/request_id.rb:21:in `call'
  rack (1.5.2) lib/rack/methodoverride.rb:21:in `call'
  rack (1.5.2) lib/rack/runtime.rb:17:in `call'
  activesupport (4.1.4) lib/active_support/cache/strategy/local_cache_middleware.rb:26:in `call'
  actionpack (4.1.4) lib/action_dispatch/middleware/static.rb:64:in `call'
  rack (1.5.2) lib/rack/sendfile.rb:112:in `call'
  railties (4.1.4) lib/rails/engine.rb:514:in `call'
  railties (4.1.4) lib/rails/application.rb:144:in `call'
  /usr/lib/ruby/vendor_ruby/phusion_passenger/rack/thread_handler_extension.rb:74:in `process_request'
  /usr/lib/ruby/vendor_ruby/phusion_passenger/request_handler/thread_handler.rb:141:in `accept_and_process_next_request'
  /usr/lib/ruby/vendor_ruby/phusion_passenger/request_handler/thread_handler.rb:109:in `main_loop'
  /usr/lib/ruby/vendor_ruby/phusion_passenger/request_handler.rb:448:in `block (3 levels) in start_threads'


F, [2014-08-13T05:58:52.769891 #2348] FATAL -- : 
ActionController::RoutingError (No route matches [GET] "/"):
  actionpack (4.1.4) lib/action_dispatch/middleware/debug_exceptions.rb:21:in `call'
  actionpack (4.1.4) lib/action_dispatch/middleware/show_exceptions.rb:30:in `call'
  railties (4.1.4) lib/rails/rack/logger.rb:38:in `call_app'
  railties (4.1.4) lib/rails/rack/logger.rb:20:in `block in call'
  activesupport (4.1.4) lib/active_support/tagged_logging.rb:68:in `block in tagged'
  activesupport (4.1.4) lib/active_support/tagged_logging.rb:26:in `tagged'
  activesupport (4.1.4) lib/active_support/tagged_logging.rb:68:in `tagged'
  railties (4.1.4) lib/rails/rack/logger.rb:20:in `call'
  actionpack (4.1.4) lib/action_dispatch/middleware/request_id.rb:21:in `call'
  rack (1.5.2) lib/rack/methodoverride.rb:21:in `call'
  rack (1.5.2) lib/rack/runtime.rb:17:in `call'
  activesupport (4.1.4) lib/active_support/cache/strategy/local_cache_middleware.rb:26:in `call'
  actionpack (4.1.4) lib/action_dispatch/middleware/static.rb:64:in `call'
  rack (1.5.2) lib/rack/sendfile.rb:112:in `call'
  railties (4.1.4) lib/rails/engine.rb:514:in `call'
  railties (4.1.4) lib/rails/application.rb:144:in `call'
  /usr/lib/ruby/vendor_ruby/phusion_passenger/rack/thread_handler_extension.rb:74:in `process_request'
  /usr/lib/ruby/vendor_ruby/phusion_passenger/request_handler/thread_handler.rb:141:in `accept_and_process_next_request'
  /usr/lib/ruby/vendor_ruby/phusion_passenger/request_handler/thread_handler.rb:109:in `main_loop'
  /usr/lib/ruby/vendor_ruby/phusion_passenger/request_handler.rb:448:in `block (3 levels) in start_threads'


I, [2014-08-13T05:59:09.749512 #2492]  INFO -- : Started GET "/" for 10.0.2.2 at 2014-08-13 05:59:09 +0000
F, [2014-08-13T05:59:09.763877 #2492] FATAL -- : 
ActionController::RoutingError (No route matches [GET] "/"):
  actionpack (4.1.4) lib/action_dispatch/middleware/debug_exceptions.rb:21:in `call'
  actionpack (4.1.4) lib/action_dispatch/middleware/show_exceptions.rb:30:in `call'
  railties (4.1.4) lib/rails/rack/logger.rb:38:in `call_app'
  railties (4.1.4) lib/rails/rack/logger.rb:20:in `block in call'
  activesupport (4.1.4) lib/active_support/tagged_logging.rb:68:in `block in tagged'
  activesupport (4.1.4) lib/active_support/tagged_logging.rb:26:in `tagged'
  activesupport (4.1.4) lib/active_support/tagged_logging.rb:68:in `tagged'
  railties (4.1.4) lib/rails/rack/logger.rb:20:in `call'
  actionpack (4.1.4) lib/action_dispatch/middleware/request_id.rb:21:in `call'
  rack (1.5.2) lib/rack/methodoverride.rb:21:in `call'
  rack (1.5.2) lib/rack/runtime.rb:17:in `call'
  activesupport (4.1.4) lib/active_support/cache/strategy/local_cache_middleware.rb:26:in `call'
  actionpack (4.1.4) lib/action_dispatch/middleware/static.rb:64:in `call'
  rack (1.5.2) lib/rack/sendfile.rb:112:in `call'
  railties (4.1.4) lib/rails/engine.rb:514:in `call'
  railties (4.1.4) lib/rails/application.rb:144:in `call'
  /usr/lib/ruby/vendor_ruby/phusion_passenger/rack/thread_handler_extension.rb:74:in `process_request'
  /usr/lib/ruby/vendor_ruby/phusion_passenger/request_handler/thread_handler.rb:141:in `accept_and_process_next_request'
  /usr/lib/ruby/vendor_ruby/phusion_passenger/request_handler/thread_handler.rb:109:in `main_loop'
  /usr/lib/ruby/vendor_ruby/phusion_passenger/request_handler.rb:448:in `block (3 levels) in start_threads'


I, [2014-08-13T05:59:17.216208 #2492]  INFO -- : Started GET "/static_pages/home" for 10.0.2.2 at 2014-08-13 05:59:17 +0000
I, [2014-08-13T05:59:17.220130 #2492]  INFO -- : Processing by StaticPagesController#home as HTML
I, [2014-08-13T05:59:17.305511 #2492]  INFO -- :   Rendered static_pages/home.html.erb within layouts/application (1.1ms)
I, [2014-08-13T05:59:17.315736 #2492]  INFO -- : Completed 200 OK in 95ms (Views: 93.9ms | ActiveRecord: 0.0ms)
I, [2014-08-13T06:02:29.023342 #2728]  INFO -- : Started GET "/" for 10.0.2.2 at 2014-08-13 06:02:29 +0000
F, [2014-08-13T06:02:29.037913 #2728] FATAL -- : 
ActionController::RoutingError (No route matches [GET] "/"):
  actionpack (4.1.4) lib/action_dispatch/middleware/debug_exceptions.rb:21:in `call'
  actionpack (4.1.4) lib/action_dispatch/middleware/show_exceptions.rb:30:in `call'
  railties (4.1.4) lib/rails/rack/logger.rb:38:in `call_app'
  railties (4.1.4) lib/rails/rack/logger.rb:20:in `block in call'
  activesupport (4.1.4) lib/active_support/tagged_logging.rb:68:in `block in tagged'
  activesupport (4.1.4) lib/active_support/tagged_logging.rb:26:in `tagged'
  activesupport (4.1.4) lib/active_support/tagged_logging.rb:68:in `tagged'
  railties (4.1.4) lib/rails/rack/logger.rb:20:in `call'
  actionpack (4.1.4) lib/action_dispatch/middleware/request_id.rb:21:in `call'
  rack (1.5.2) lib/rack/methodoverride.rb:21:in `call'
  rack (1.5.2) lib/rack/runtime.rb:17:in `call'
  activesupport (4.1.4) lib/active_support/cache/strategy/local_cache_middleware.rb:26:in `call'
  actionpack (4.1.4) lib/action_dispatch/middleware/static.rb:64:in `call'
  rack (1.5.2) lib/rack/sendfile.rb:112:in `call'
  railties (4.1.4) lib/rails/engine.rb:514:in `call'
  railties (4.1.4) lib/rails/application.rb:144:in `call'
  /usr/lib/ruby/vendor_ruby/phusion_passenger/rack/thread_handler_extension.rb:74:in `process_request'
  /usr/lib/ruby/vendor_ruby/phusion_passenger/request_handler/thread_handler.rb:141:in `accept_and_process_next_request'
  /usr/lib/ruby/vendor_ruby/phusion_passenger/request_handler/thread_handler.rb:109:in `main_loop'
  /usr/lib/ruby/vendor_ruby/phusion_passenger/request_handler.rb:448:in `block (3 levels) in start_threads'


I, [2014-08-13T06:02:29.045031 #2728]  INFO -- : Started GET "/" for 10.0.2.2 at 2014-08-13 06:02:29 +0000
F, [2014-08-13T06:02:29.047364 #2728] FATAL -- : 
ActionController::RoutingError (No route matches [GET] "/"):
  actionpack (4.1.4) lib/action_dispatch/middleware/debug_exceptions.rb:21:in `call'
  actionpack (4.1.4) lib/action_dispatch/middleware/show_exceptions.rb:30:in `call'
  railties (4.1.4) lib/rails/rack/logger.rb:38:in `call_app'
  railties (4.1.4) lib/rails/rack/logger.rb:20:in `block in call'
  activesupport (4.1.4) lib/active_support/tagged_logging.rb:68:in `block in tagged'
  activesupport (4.1.4) lib/active_support/tagged_logging.rb:26:in `tagged'
  activesupport (4.1.4) lib/active_support/tagged_logging.rb:68:in `tagged'
  railties (4.1.4) lib/rails/rack/logger.rb:20:in `call'
  actionpack (4.1.4) lib/action_dispatch/middleware/request_id.rb:21:in `call'
  rack (1.5.2) lib/rack/methodoverride.rb:21:in `call'
  rack (1.5.2) lib/rack/runtime.rb:17:in `call'
  activesupport (4.1.4) lib/active_support/cache/strategy/local_cache_middleware.rb:26:in `call'
  actionpack (4.1.4) lib/action_dispatch/middleware/static.rb:64:in `call'
  rack (1.5.2) lib/rack/sendfile.rb:112:in `call'
  railties (4.1.4) lib/rails/engine.rb:514:in `call'
  railties (4.1.4) lib/rails/application.rb:144:in `call'
  /usr/lib/ruby/vendor_ruby/phusion_passenger/rack/thread_handler_extension.rb:74:in `process_request'
  /usr/lib/ruby/vendor_ruby/phusion_passenger/request_handler/thread_handler.rb:141:in `accept_and_process_next_request'
  /usr/lib/ruby/vendor_ruby/phusion_passenger/request_handler/thread_handler.rb:109:in `main_loop'
  /usr/lib/ruby/vendor_ruby/phusion_passenger/request_handler.rb:448:in `block (3 levels) in start_threads'


I, [2014-08-13T06:02:30.128663 #2728]  INFO -- : Started GET "/static_pages/home" for 10.0.2.2 at 2014-08-13 06:02:30 +0000
I, [2014-08-13T06:02:30.132911 #2728]  INFO -- : Processing by StaticPagesController#home as HTML
I, [2014-08-13T06:02:30.186579 #2728]  INFO -- :   Rendered static_pages/home.html.erb within layouts/application (1.4ms)
I, [2014-08-13T06:02:30.196477 #2728]  INFO -- : Completed 200 OK in 63ms (Views: 60.4ms | ActiveRecord: 0.0ms)
I, [2014-08-13T06:03:01.777531 #2728]  INFO -- : Started GET "/static_pages/home" for 10.0.2.2 at 2014-08-13 06:03:01 +0000
I, [2014-08-13T06:03:01.792857 #2728]  INFO -- : Processing by StaticPagesController#home as HTML
I, [2014-08-13T06:03:01.793869 #2728]  INFO -- :   Rendered static_pages/home.html.erb within layouts/application (0.1ms)
I, [2014-08-13T06:03:01.794903 #2728]  INFO -- : Completed 200 OK in 2ms (Views: 1.4ms | ActiveRecord: 0.0ms)
